2022-08-29 15:13:57,626 [main] INFO io.github.bonigarcia.wdm.WebDriverManager - Using chromedriver 104.0.5112.79 (resolved driver for Chrome 104)
2022-08-29 15:13:57,655 [main] INFO io.github.bonigarcia.wdm.WebDriverManager - Exporting webdriver.chrome.driver as C:\Users\User\.cache\selenium\chromedriver\win32\104.0.5112.79\chromedriver.exe
2022-08-29 15:25:21,923 [main] INFO io.github.bonigarcia.wdm.WebDriverManager - Using chromedriver 104.0.5112.79 (resolved driver for Chrome 104)
2022-08-29 15:25:21,957 [main] INFO io.github.bonigarcia.wdm.WebDriverManager - Exporting webdriver.chrome.driver as C:\Users\User\.cache\selenium\chromedriver\win32\104.0.5112.79\chromedriver.exe
2022-08-29 15:25:24,174 [main] INFO Mousumi Dey - User able to enter url
2022-08-29 15:25:27,082 [main] INFO Mousumi Dey - User able to click on sign-in button
2022-08-29 15:25:28,670 [main] INFO Mousumi Dey - User able to enter valid userName & password
2022-08-29 15:25:29,019 [main] INFO Mousumi Dey - User able to click on login button
2022-08-29 15:25:29,180 [main] INFO Mousumi Dey - User can verify the user information {string} on the grid
2022-08-29 17:31:25,784 [main] INFO Mousumi Dey - User able to open a any browser
2022-08-29 17:31:27,034 [main] INFO io.github.bonigarcia.wdm.WebDriverManager - Using chromedriver 104.0.5112.79 (resolved driver for Chrome 104)
2022-08-29 17:31:27,069 [main] INFO io.github.bonigarcia.wdm.WebDriverManager - Exporting webdriver.chrome.driver as C:\Users\User\.cache\selenium\chromedriver\win32\104.0.5112.79\chromedriver.exe
2022-08-29 17:31:29,738 [main] INFO Mousumi Dey - User able to enter url
2022-08-29 17:31:33,079 [main] INFO Mousumi Dey - User able to click on sign-in button
2022-08-29 17:31:35,099 [main] INFO Mousumi Dey - User able to enter valid userName & password
2022-08-29 17:31:35,451 [main] INFO Mousumi Dey - User able to click on login button
2022-08-29 17:31:35,618 [main] INFO Mousumi Dey - User can verify the user information {string} on the grid
2022-08-29 18:10:20,601 [main] INFO Mousumi Dey - User able to open a any browser
2022-08-29 18:10:21,127 [main] INFO io.github.bonigarcia.wdm.WebDriverManager - Using chromedriver 104.0.5112.79 (resolved driver for Chrome 104)
2022-08-29 18:10:21,153 [main] INFO io.github.bonigarcia.wdm.WebDriverManager - Exporting webdriver.chrome.driver as C:\Users\User\.cache\selenium\chromedriver\win32\104.0.5112.79\chromedriver.exe
2022-08-29 18:10:23,435 [main] INFO Mousumi Dey - User able to enter url
2022-08-29 18:10:26,306 [main] INFO Mousumi Dey - User able to click on sign-in button
2022-08-29 18:10:27,855 [main] INFO Mousumi Dey - User able to enter valid userName & password
2022-08-29 18:10:28,238 [main] INFO Mousumi Dey - User able to click on login button
2022-08-29 18:10:28,403 [main] INFO Mousumi Dey - User can verify the user information {string} on the grid
2022-08-29 18:13:37,978 [main] INFO Mousumi Dey - User able to open a any browser
2022-08-29 18:13:38,291 [main] INFO io.github.bonigarcia.wdm.WebDriverManager - Using chromedriver 104.0.5112.79 (resolved driver for Chrome 104)
2022-08-29 18:13:38,313 [main] INFO io.github.bonigarcia.wdm.WebDriverManager - Exporting webdriver.chrome.driver as C:\Users\User\.cache\selenium\chromedriver\win32\104.0.5112.79\chromedriver.exe
2022-08-29 18:13:40,645 [main] INFO Mousumi Dey - User able to enter url
2022-08-29 18:13:43,889 [main] INFO Mousumi Dey - User able to click on sign-in button
2022-08-29 18:13:45,643 [main] INFO Mousumi Dey - User able to enter valid userName & password
2022-08-29 18:13:45,997 [main] INFO Mousumi Dey - User able to click on login button
2022-08-29 18:13:46,167 [main] INFO Mousumi Dey - User can verify the user information {string} on the grid
2022-08-29 18:15:37,953 [main] INFO Mousumi Dey - User able to open a any browser
2022-08-29 18:15:38,430 [main] INFO io.github.bonigarcia.wdm.WebDriverManager - Using chromedriver 104.0.5112.79 (resolved driver for Chrome 104)
2022-08-29 18:15:38,452 [main] INFO io.github.bonigarcia.wdm.WebDriverManager - Exporting webdriver.chrome.driver as C:\Users\User\.cache\selenium\chromedriver\win32\104.0.5112.79\chromedriver.exe
2022-08-29 18:15:40,406 [main] INFO Mousumi Dey - User able to enter url
2022-08-29 18:15:43,082 [main] INFO Mousumi Dey - User able to click on sign-in button
2022-08-29 18:15:44,602 [main] INFO Mousumi Dey - User able to enter valid userName & password
2022-08-29 18:15:44,986 [main] INFO Mousumi Dey - User able to click on login button
2022-08-29 18:15:45,163 [main] INFO Mousumi Dey - User can verify the user information {string} on the grid
2022-08-29 23:14:11,516 [main] INFO Mousumi Dey - User able to open a any browser
2022-08-29 23:14:13,677 [main] INFO io.github.bonigarcia.wdm.WebDriverManager - Using chromedriver 104.0.5112.79 (resolved driver for Chrome 104)
2022-08-29 23:14:13,714 [main] INFO io.github.bonigarcia.wdm.WebDriverManager - Exporting webdriver.chrome.driver as C:\Users\User\.cache\selenium\chromedriver\win32\104.0.5112.79\chromedriver.exe
2022-08-29 23:14:18,209 [main] INFO Mousumi Dey - User able to enter url
2022-08-29 23:14:21,521 [main] INFO Mousumi Dey - User able to click on sign-in button
2022-08-29 23:14:23,090 [main] INFO Mousumi Dey - User able to enter valid userName & password
2022-08-29 23:14:23,427 [main] INFO Mousumi Dey - User able to click on login button
2022-08-29 23:14:23,612 [main] INFO Mousumi Dey - User can verify the user information {string} on the grid
2022-08-30 10:17:33,540 [main] INFO Mousumi Dey - User able to open a any browser
2022-08-30 10:17:34,924 [main] INFO io.github.bonigarcia.wdm.WebDriverManager - Using chromedriver 104.0.5112.79 (resolved driver for Chrome 104)
2022-08-30 10:17:34,960 [main] INFO io.github.bonigarcia.wdm.WebDriverManager - Exporting webdriver.chrome.driver as C:\Users\User\.cache\selenium\chromedriver\win32\104.0.5112.79\chromedriver.exe
2022-08-30 10:17:39,153 [main] INFO Mousumi Dey - User able to enter url
2022-08-30 10:17:43,184 [main] INFO Mousumi Dey - User able to click on sign-in button
2022-08-30 10:17:46,061 [main] INFO Mousumi Dey - User able to enter valid userName & password
2022-08-30 10:17:46,462 [main] INFO Mousumi Dey - User able to click on login button
2022-08-30 10:17:46,666 [main] INFO Mousumi Dey - User can verify the user information {string} on the grid
2022-08-30 10:46:22,247 [main] INFO Mousumi Dey - User able to open a any browser
2022-08-30 10:46:22,823 [main] INFO io.github.bonigarcia.wdm.WebDriverManager - Using chromedriver 104.0.5112.79 (resolved driver for Chrome 104)
2022-08-30 10:46:22,849 [main] INFO io.github.bonigarcia.wdm.WebDriverManager - Exporting webdriver.chrome.driver as C:\Users\User\.cache\selenium\chromedriver\win32\104.0.5112.79\chromedriver.exe
2022-08-30 10:46:25,068 [main] INFO Mousumi Dey - User able to enter url
2022-08-30 10:46:28,345 [main] INFO Mousumi Dey - User able to click on sign-in button
2022-08-30 10:46:30,182 [main] INFO Mousumi Dey - User able to enter valid userName & password
2022-08-30 10:46:30,592 [main] INFO Mousumi Dey - User able to click on login button
2022-08-30 10:46:30,748 [main] INFO Mousumi Dey - User can verify the user information {string} on the grid
2022-08-30 10:47:53,436 [main] INFO Mousumi Dey - User able to open a any browser
2022-08-30 10:47:53,743 [main] INFO io.github.bonigarcia.wdm.WebDriverManager - Using chromedriver 104.0.5112.79 (resolved driver for Chrome 104)
2022-08-30 10:47:53,762 [main] INFO io.github.bonigarcia.wdm.WebDriverManager - Exporting webdriver.chrome.driver as C:\Users\User\.cache\selenium\chromedriver\win32\104.0.5112.79\chromedriver.exe
2022-08-30 10:47:56,052 [main] INFO Mousumi Dey - User able to enter url
2022-08-30 10:47:59,509 [main] INFO Mousumi Dey - User able to click on sign-in button
2022-08-30 10:48:04,567 [main] INFO Mousumi Dey - User able to enter valid userName & password
2022-08-30 10:48:04,943 [main] INFO Mousumi Dey - User able to click on login button
2022-08-30 10:48:05,133 [main] INFO Mousumi Dey - User can verify the user information {string} on the grid
2022-08-30 10:48:52,781 [main] INFO Mousumi Dey - User able to open a any browser
2022-08-30 10:48:53,238 [main] INFO io.github.bonigarcia.wdm.WebDriverManager - Using chromedriver 104.0.5112.79 (resolved driver for Chrome 104)
2022-08-30 10:48:53,261 [main] INFO io.github.bonigarcia.wdm.WebDriverManager - Exporting webdriver.chrome.driver as C:\Users\User\.cache\selenium\chromedriver\win32\104.0.5112.79\chromedriver.exe
2022-08-30 10:48:55,275 [main] INFO Mousumi Dey - User able to enter url
2022-08-30 10:48:58,539 [main] INFO Mousumi Dey - User able to click on sign-in button
2022-08-30 10:49:00,349 [main] INFO Mousumi Dey - User able to enter valid userName & password
2022-08-30 10:49:00,711 [main] INFO Mousumi Dey - User able to click on login button
2022-08-30 10:49:00,877 [main] INFO Mousumi Dey - User can verify the user information {string} on the grid
2022-08-30 11:28:07,144 [main] INFO Mousumi Dey - User able to open a any browser
2022-08-30 11:28:08,511 [main] INFO io.github.bonigarcia.wdm.WebDriverManager - Using chromedriver 104.0.5112.79 (resolved driver for Chrome 104)
2022-08-30 11:28:08,538 [main] INFO io.github.bonigarcia.wdm.WebDriverManager - Exporting webdriver.chrome.driver as C:\Users\User\.cache\selenium\chromedriver\win32\104.0.5112.79\chromedriver.exe
2022-08-30 11:28:11,313 [main] INFO Mousumi Dey - User able to enter url
2022-08-30 11:28:15,599 [main] INFO Mousumi Dey - User able to click on sign-in button
2022-08-30 11:28:18,124 [main] INFO Mousumi Dey - User able to enter valid userName & password
2022-08-30 11:28:18,712 [main] INFO Mousumi Dey - User able to click on login button
2022-08-30 11:28:18,885 [main] INFO Mousumi Dey - User can verify the user information {string} on the grid
2022-08-30 11:39:18,426 [main] INFO Mousumi Dey - User able to open a any browser
2022-08-30 11:39:18,954 [main] INFO io.github.bonigarcia.wdm.WebDriverManager - Using chromedriver 104.0.5112.79 (resolved driver for Chrome 104)
2022-08-30 11:39:18,980 [main] INFO io.github.bonigarcia.wdm.WebDriverManager - Exporting webdriver.chrome.driver as C:\Users\User\.cache\selenium\chromedriver\win32\104.0.5112.79\chromedriver.exe
2022-08-30 11:39:21,751 [main] INFO Mousumi Dey - User able to enter url
2022-08-30 11:39:25,327 [main] INFO Mousumi Dey - User able to click on sign-in button
2022-08-30 11:39:27,247 [main] INFO Mousumi Dey - User able to enter valid userName & password
2022-08-30 11:39:27,632 [main] INFO Mousumi Dey - User able to click on login button
2022-08-30 11:39:27,806 [main] INFO Mousumi Dey - User can verify the user information {string} on the grid
2022-08-30 12:08:23,914 [main] INFO Mousumi Dey - User able to open a any browser
2022-08-30 12:08:24,921 [main] INFO io.github.bonigarcia.wdm.WebDriverManager - Using chromedriver 104.0.5112.79 (resolved driver for Chrome 104)
2022-08-30 12:08:24,954 [main] INFO io.github.bonigarcia.wdm.WebDriverManager - Exporting webdriver.chrome.driver as C:\Users\User\.cache\selenium\chromedriver\win32\104.0.5112.79\chromedriver.exe
2022-08-30 12:08:28,120 [main] INFO Mousumi Dey - User able to enter url
2022-08-30 12:08:30,998 [main] INFO Mousumi Dey - User able to click on sign-in button
2022-08-30 12:08:32,756 [main] INFO Mousumi Dey - User able to enter valid userName & password
2022-08-30 12:08:33,141 [main] INFO Mousumi Dey - User able to click on login button
2022-08-30 12:08:33,322 [main] INFO Mousumi Dey - User can verify the user information {string} on the grid
2022-08-30 16:09:30,420 [main] INFO Mousumi Dey - User able to open a any browser
2022-08-30 16:09:31,781 [main] INFO io.github.bonigarcia.wdm.WebDriverManager - Using chromedriver 104.0.5112.79 (resolved driver for Chrome 104)
2022-08-30 16:09:31,806 [main] INFO io.github.bonigarcia.wdm.WebDriverManager - Exporting webdriver.chrome.driver as C:\Users\User\.cache\selenium\chromedriver\win32\104.0.5112.79\chromedriver.exe
2022-08-30 16:09:34,094 [main] INFO Mousumi Dey - User able to enter url
2022-08-30 16:09:36,761 [main] INFO Mousumi Dey - User able to click on sign-in button
2022-08-30 16:09:38,470 [main] INFO Mousumi Dey - User able to enter valid userName & password
2022-08-30 16:09:38,826 [main] INFO Mousumi Dey - User able to click on login button
2022-08-30 16:09:38,984 [main] INFO Mousumi Dey - User can verify the user information {string} on the grid
2022-08-30 16:10:57,740 [main] INFO Mousumi Dey - User able to open a any browser
2022-08-30 16:10:58,069 [main] INFO io.github.bonigarcia.wdm.WebDriverManager - Using chromedriver 104.0.5112.79 (resolved driver for Chrome 104)
2022-08-30 16:10:58,094 [main] INFO io.github.bonigarcia.wdm.WebDriverManager - Exporting webdriver.chrome.driver as C:\Users\User\.cache\selenium\chromedriver\win32\104.0.5112.79\chromedriver.exe
2022-08-30 16:11:00,090 [main] INFO Mousumi Dey - User able to enter url
2022-08-30 16:11:02,847 [main] INFO Mousumi Dey - User able to click on sign-in button
2022-08-30 16:11:04,629 [main] INFO Mousumi Dey - User able to enter valid userName & password
2022-08-30 16:11:04,967 [main] INFO Mousumi Dey - User able to click on login button
2022-08-30 16:11:05,191 [main] INFO Mousumi Dey - User can verify the user information {string} on the grid
2022-08-30 16:43:29,193 [main] INFO Mousumi Dey - User able to open a any browser
2022-08-30 16:43:29,596 [main] INFO io.github.bonigarcia.wdm.WebDriverManager - Using chromedriver 104.0.5112.79 (resolved driver for Chrome 104)
2022-08-30 16:43:29,630 [main] INFO io.github.bonigarcia.wdm.WebDriverManager - Exporting webdriver.chrome.driver as C:\Users\User\.cache\selenium\chromedriver\win32\104.0.5112.79\chromedriver.exe
2022-08-30 16:43:32,593 [main] INFO Mousumi Dey - User able to enter url
2022-08-30 16:43:38,299 [main] INFO Mousumi Dey - User able to click on sign-in button
2022-08-30 16:43:40,262 [main] INFO Mousumi Dey - User able to enter valid userName & password
2022-08-30 16:43:40,649 [main] INFO Mousumi Dey - User able to click on login button
2022-08-30 16:43:40,805 [main] INFO Mousumi Dey - User can verify the user information {string} on the grid
2022-08-30 16:44:47,809 [main] INFO Mousumi Dey - User able to open a any browser
2022-08-30 16:44:48,295 [main] INFO io.github.bonigarcia.wdm.WebDriverManager - Using chromedriver 104.0.5112.79 (resolved driver for Chrome 104)
2022-08-30 16:44:48,318 [main] INFO io.github.bonigarcia.wdm.WebDriverManager - Exporting webdriver.chrome.driver as C:\Users\User\.cache\selenium\chromedriver\win32\104.0.5112.79\chromedriver.exe
2022-08-30 16:44:50,277 [main] INFO Mousumi Dey - User able to enter url
2022-08-30 16:44:53,172 [main] INFO Mousumi Dey - User able to click on sign-in button
2022-08-30 16:44:55,011 [main] INFO Mousumi Dey - User able to enter valid userName & password
2022-08-30 16:44:55,393 [main] INFO Mousumi Dey - User able to click on login button
2022-08-30 16:44:55,574 [main] INFO Mousumi Dey - User can verify the user information {string} on the grid
2022-08-30 20:33:07,196 [main] INFO Mousumi Dey - User able to open a any browser
2022-08-30 20:33:07,999 [main] INFO io.github.bonigarcia.wdm.WebDriverManager - Using chromedriver 104.0.5112.79 (resolved driver for Chrome 104)
2022-08-30 20:33:08,029 [main] INFO io.github.bonigarcia.wdm.WebDriverManager - Exporting webdriver.chrome.driver as C:\Users\User\.cache\selenium\chromedriver\win32\104.0.5112.79\chromedriver.exe
2022-08-30 20:33:10,555 [main] INFO Mousumi Dey - User able to enter url
2022-08-30 20:33:13,783 [main] INFO Mousumi Dey - User able to click on sign-in button
2022-08-30 20:33:15,463 [main] INFO Mousumi Dey - User able to enter valid userName & password
2022-08-30 20:33:15,797 [main] INFO Mousumi Dey - User able to click on login button
2022-08-30 20:33:15,964 [main] INFO Mousumi Dey - User can verify the user information {string} on the grid
2022-08-30 20:34:20,164 [main] INFO Mousumi Dey - User able to open a any browser
2022-08-30 20:34:20,673 [main] INFO io.github.bonigarcia.wdm.WebDriverManager - Using chromedriver 104.0.5112.79 (resolved driver for Chrome 104)
2022-08-30 20:34:20,696 [main] INFO io.github.bonigarcia.wdm.WebDriverManager - Exporting webdriver.chrome.driver as C:\Users\User\.cache\selenium\chromedriver\win32\104.0.5112.79\chromedriver.exe
2022-08-30 20:34:22,819 [main] INFO Mousumi Dey - User able to enter url
2022-08-30 20:34:25,535 [main] INFO Mousumi Dey - User able to click on sign-in button
2022-08-30 20:34:27,528 [main] INFO Mousumi Dey - User able to enter valid userName & password
2022-08-30 20:34:27,858 [main] INFO Mousumi Dey - User able to click on login button
2022-08-30 20:34:28,010 [main] INFO Mousumi Dey - User can verify the user information {string} on the grid
2022-08-30 20:35:06,408 [main] INFO Mousumi Dey - User able to open a any browser
2022-08-30 20:35:06,889 [main] INFO io.github.bonigarcia.wdm.WebDriverManager - Using chromedriver 104.0.5112.79 (resolved driver for Chrome 104)
2022-08-30 20:35:06,914 [main] INFO io.github.bonigarcia.wdm.WebDriverManager - Exporting webdriver.chrome.driver as C:\Users\User\.cache\selenium\chromedriver\win32\104.0.5112.79\chromedriver.exe
2022-08-30 20:35:08,856 [main] INFO Mousumi Dey - User able to enter url
2022-08-30 20:35:11,875 [main] INFO Mousumi Dey - User able to click on sign-in button
2022-08-30 20:35:13,473 [main] INFO Mousumi Dey - User able to enter valid userName & password
2022-08-30 20:35:13,796 [main] INFO Mousumi Dey - User able to click on login button
2022-08-30 20:35:13,962 [main] INFO Mousumi Dey - User can verify the user information {string} on the grid
2022-08-31 09:52:24,850 [main] INFO Mousumi Dey - User able to open a any browser
2022-08-31 09:52:25,589 [main] INFO io.github.bonigarcia.wdm.WebDriverManager - Using chromedriver 104.0.5112.79 (resolved driver for Chrome 104)
2022-08-31 09:52:25,624 [main] INFO io.github.bonigarcia.wdm.WebDriverManager - Exporting webdriver.chrome.driver as C:\Users\User\.cache\selenium\chromedriver\win32\104.0.5112.79\chromedriver.exe
2022-08-31 09:52:28,808 [main] INFO Mousumi Dey - User able to enter url
2022-08-31 09:52:31,912 [main] INFO Mousumi Dey - User able to click on sign-in button
2022-08-31 09:52:33,485 [main] INFO Mousumi Dey - User able to enter valid userName & password
2022-08-31 09:52:33,880 [main] INFO Mousumi Dey - User able to click on login button
2022-08-31 09:52:34,058 [main] INFO Mousumi Dey - User can verify the user information {string} on the grid
2022-08-31 10:13:52,574 [main] INFO Mousumi Dey - User able to open a any browser
2022-08-31 10:13:53,103 [main] INFO io.github.bonigarcia.wdm.WebDriverManager - Using chromedriver 104.0.5112.79 (resolved driver for Chrome 104)
2022-08-31 10:13:53,128 [main] INFO io.github.bonigarcia.wdm.WebDriverManager - Exporting webdriver.chrome.driver as C:\Users\User\.cache\selenium\chromedriver\win32\104.0.5112.79\chromedriver.exe
2022-08-31 10:13:55,371 [main] INFO Mousumi Dey - User able to enter url
2022-08-31 10:13:58,160 [main] INFO Mousumi Dey - User able to click on sign-in button
2022-08-31 10:13:59,780 [main] INFO Mousumi Dey - User able to enter valid userName & password
2022-08-31 10:14:00,130 [main] INFO Mousumi Dey - User able to click on login button
2022-08-31 10:14:00,300 [main] INFO Mousumi Dey - User can verify the user information {string} on the grid
2022-08-31 10:27:52,726 [main] INFO Mousumi Dey - User able to open a any browser
2022-08-31 10:27:53,119 [main] INFO io.github.bonigarcia.wdm.WebDriverManager - Using chromedriver 104.0.5112.79 (resolved driver for Chrome 104)
2022-08-31 10:27:53,148 [main] INFO io.github.bonigarcia.wdm.WebDriverManager - Exporting webdriver.chrome.driver as C:\Users\User\.cache\selenium\chromedriver\win32\104.0.5112.79\chromedriver.exe
2022-08-31 10:27:55,656 [main] INFO Mousumi Dey - User able to enter url
2022-08-31 10:27:58,873 [main] INFO Mousumi Dey - User able to click on sign-in button
2022-08-31 10:28:03,513 [main] INFO Mousumi Dey - User able to enter valid userName & password
2022-08-31 10:28:03,894 [main] INFO Mousumi Dey - User able to click on login button
2022-08-31 10:28:04,057 [main] INFO Mousumi Dey - User can verify the user information {string} on the grid
2022-08-31 10:28:55,053 [main] INFO Mousumi Dey - User able to open a any browser
2022-08-31 10:28:55,567 [main] INFO io.github.bonigarcia.wdm.WebDriverManager - Using chromedriver 104.0.5112.79 (resolved driver for Chrome 104)
2022-08-31 10:28:55,592 [main] INFO io.github.bonigarcia.wdm.WebDriverManager - Exporting webdriver.chrome.driver as C:\Users\User\.cache\selenium\chromedriver\win32\104.0.5112.79\chromedriver.exe
2022-08-31 10:28:57,776 [main] INFO Mousumi Dey - User able to enter url
2022-08-31 10:29:01,828 [main] INFO Mousumi Dey - User able to click on sign-in button
2022-08-31 10:29:03,726 [main] INFO Mousumi Dey - User able to enter valid userName & password
2022-08-31 10:29:04,065 [main] INFO Mousumi Dey - User able to click on login button
2022-08-31 10:29:04,239 [main] INFO Mousumi Dey - User can verify the user information {string} on the grid
2022-08-31 10:31:28,795 [main] INFO Mousumi Dey - User able to open a any browser
2022-08-31 10:31:29,096 [main] INFO io.github.bonigarcia.wdm.WebDriverManager - Using chromedriver 104.0.5112.79 (resolved driver for Chrome 104)
2022-08-31 10:31:29,123 [main] INFO io.github.bonigarcia.wdm.WebDriverManager - Exporting webdriver.chrome.driver as C:\Users\User\.cache\selenium\chromedriver\win32\104.0.5112.79\chromedriver.exe
2022-08-31 10:31:31,499 [main] INFO Mousumi Dey - User able to enter url
2022-08-31 10:31:34,469 [main] INFO Mousumi Dey - User able to click on sign-in button
2022-08-31 10:31:39,262 [main] INFO Mousumi Dey - User able to enter valid userName & password
2022-08-31 10:31:39,594 [main] INFO Mousumi Dey - User able to click on login button
2022-08-31 10:31:39,757 [main] INFO Mousumi Dey - User can verify the user information {string} on the grid
2022-08-31 10:32:29,611 [main] INFO Mousumi Dey - User able to open a any browser
2022-08-31 10:32:30,118 [main] INFO io.github.bonigarcia.wdm.WebDriverManager - Using chromedriver 104.0.5112.79 (resolved driver for Chrome 104)
2022-08-31 10:32:30,147 [main] INFO io.github.bonigarcia.wdm.WebDriverManager - Exporting webdriver.chrome.driver as C:\Users\User\.cache\selenium\chromedriver\win32\104.0.5112.79\chromedriver.exe
2022-08-31 10:32:32,621 [main] INFO Mousumi Dey - User able to enter url
2022-08-31 10:32:35,509 [main] INFO Mousumi Dey - User able to click on sign-in button
2022-08-31 10:32:37,126 [main] INFO Mousumi Dey - User able to enter valid userName & password
2022-08-31 10:32:37,483 [main] INFO Mousumi Dey - User able to click on login button
2022-08-31 10:32:37,669 [main] INFO Mousumi Dey - User can verify the user information {string} on the grid
2022-08-31 18:40:32,601 [main] INFO Mousumi Dey - User able to open a any browser
2022-08-31 18:40:34,004 [main] INFO io.github.bonigarcia.wdm.WebDriverManager - Using chromedriver 104.0.5112.79 (resolved driver for Chrome 104)
2022-08-31 18:40:34,037 [main] INFO io.github.bonigarcia.wdm.WebDriverManager - Exporting webdriver.chrome.driver as C:\Users\User\.cache\selenium\chromedriver\win32\104.0.5112.79\chromedriver.exe
2022-08-31 18:40:37,465 [main] INFO Mousumi Dey - User able to enter url
2022-08-31 18:40:40,322 [main] INFO Mousumi Dey - User able to click on sign-in button
2022-08-31 18:40:41,912 [main] INFO Mousumi Dey - User able to enter valid userName & password
2022-08-31 18:40:42,233 [main] INFO Mousumi Dey - User able to click on login button
2022-08-31 18:40:42,401 [main] INFO Mousumi Dey - User can verify the user information {string} on the grid
2022-08-31 18:43:09,083 [main] INFO Mousumi Dey - User able to open a any browser
2022-08-31 18:43:09,550 [main] INFO io.github.bonigarcia.wdm.WebDriverManager - Using chromedriver 104.0.5112.79 (resolved driver for Chrome 104)
2022-08-31 18:43:09,574 [main] INFO io.github.bonigarcia.wdm.WebDriverManager - Exporting webdriver.chrome.driver as C:\Users\User\.cache\selenium\chromedriver\win32\104.0.5112.79\chromedriver.exe
2022-08-31 18:43:11,653 [main] INFO Mousumi Dey - User able to enter url
2022-08-31 18:43:14,603 [main] INFO Mousumi Dey - User able to click on sign-in button
2022-08-31 18:43:16,131 [main] INFO Mousumi Dey - User able to enter valid userName & password
2022-08-31 18:43:16,462 [main] INFO Mousumi Dey - User able to click on login button
2022-08-31 18:43:16,615 [main] INFO Mousumi Dey - User can verify the user information {string} on the grid
2022-08-31 18:49:26,066 [main] INFO Mousumi Dey - User able to open a any browser
2022-08-31 18:49:26,376 [main] INFO io.github.bonigarcia.wdm.WebDriverManager - Using chromedriver 104.0.5112.79 (resolved driver for Chrome 104)
2022-08-31 18:49:26,397 [main] INFO io.github.bonigarcia.wdm.WebDriverManager - Exporting webdriver.chrome.driver as C:\Users\User\.cache\selenium\chromedriver\win32\104.0.5112.79\chromedriver.exe
2022-08-31 18:49:28,609 [main] INFO Mousumi Dey - User able to enter url
2022-08-31 18:49:31,739 [main] INFO Mousumi Dey - User able to click on sign-in button
2022-08-31 18:49:33,427 [main] INFO Mousumi Dey - User able to enter valid userName & password
2022-08-31 18:49:33,783 [main] INFO Mousumi Dey - User able to click on login button
2022-08-31 18:49:33,937 [main] INFO Mousumi Dey - User can verify the user information {string} on the grid
2022-08-31 18:51:10,370 [main] INFO Mousumi Dey - User able to open a any browser
2022-08-31 18:51:10,820 [main] INFO io.github.bonigarcia.wdm.WebDriverManager - Using chromedriver 104.0.5112.79 (resolved driver for Chrome 104)
2022-08-31 18:51:10,844 [main] INFO io.github.bonigarcia.wdm.WebDriverManager - Exporting webdriver.chrome.driver as C:\Users\User\.cache\selenium\chromedriver\win32\104.0.5112.79\chromedriver.exe
2022-08-31 18:51:12,899 [main] INFO Mousumi Dey - User able to enter url
2022-08-31 18:51:16,002 [main] INFO Mousumi Dey - User able to click on sign-in button
2022-08-31 18:51:17,705 [main] INFO Mousumi Dey - User able to enter valid userName & password
2022-08-31 18:51:18,048 [main] INFO Mousumi Dey - User able to click on login button
2022-08-31 18:51:18,205 [main] INFO Mousumi Dey - User can verify the user information {string} on the grid
2022-08-31 19:04:28,900 [main] INFO Mousumi Dey - User able to open a any browser
2022-08-31 19:04:29,279 [main] INFO io.github.bonigarcia.wdm.WebDriverManager - Using chromedriver 104.0.5112.79 (resolved driver for Chrome 104)
2022-08-31 19:04:29,305 [main] INFO io.github.bonigarcia.wdm.WebDriverManager - Exporting webdriver.chrome.driver as C:\Users\User\.cache\selenium\chromedriver\win32\104.0.5112.79\chromedriver.exe
2022-08-31 19:04:31,635 [main] INFO Mousumi Dey - User able to enter url
2022-08-31 19:04:35,010 [main] INFO Mousumi Dey - User able to click on sign-in button
2022-08-31 19:04:36,769 [main] INFO Mousumi Dey - User able to enter valid userName & password
2022-08-31 19:04:37,135 [main] INFO Mousumi Dey - User able to click on login button
2022-08-31 19:04:37,290 [main] INFO Mousumi Dey - User can verify the user information {string} on the grid
2022-08-31 19:06:15,337 [main] INFO Mousumi Dey - User able to open a any browser
2022-08-31 19:06:15,818 [main] INFO io.github.bonigarcia.wdm.WebDriverManager - Using chromedriver 104.0.5112.79 (resolved driver for Chrome 104)
2022-08-31 19:06:15,845 [main] INFO io.github.bonigarcia.wdm.WebDriverManager - Exporting webdriver.chrome.driver as C:\Users\User\.cache\selenium\chromedriver\win32\104.0.5112.79\chromedriver.exe
2022-08-31 19:06:18,177 [main] INFO Mousumi Dey - User able to enter url
2022-08-31 19:06:21,070 [main] INFO Mousumi Dey - User able to click on sign-in button
2022-08-31 19:06:22,709 [main] INFO Mousumi Dey - User able to enter valid userName & password
2022-08-31 19:06:23,069 [main] INFO Mousumi Dey - User able to click on login button
2022-08-31 19:06:23,229 [main] INFO Mousumi Dey - User can verify the user information {string} on the grid
2022-08-31 20:10:28,779 [main] INFO Mousumi Dey - User able to open a any browser
2022-08-31 20:10:29,542 [main] INFO io.github.bonigarcia.wdm.WebDriverManager - Using chromedriver 104.0.5112.79 (resolved driver for Chrome 104)
2022-08-31 20:10:29,560 [main] INFO io.github.bonigarcia.wdm.WebDriverManager - Exporting webdriver.chrome.driver as C:\Users\User\.cache\selenium\chromedriver\win32\104.0.5112.79\chromedriver.exe
2022-08-31 20:10:31,758 [main] INFO Mousumi Dey - User able to enter url
2022-08-31 20:10:34,957 [main] INFO Mousumi Dey - User able to click on sign-in button
2022-08-31 20:10:36,815 [main] INFO Mousumi Dey - User able to enter valid userName & password
2022-08-31 20:10:37,152 [main] INFO Mousumi Dey - User able to click on login button
2022-08-31 20:10:37,295 [main] INFO Mousumi Dey - User can verify the user information {string} on the grid
2022-08-31 20:11:37,730 [main] INFO Mousumi Dey - User able to open a any browser
2022-08-31 20:11:38,297 [main] INFO io.github.bonigarcia.wdm.WebDriverManager - Using chromedriver 104.0.5112.79 (resolved driver for Chrome 104)
2022-08-31 20:11:38,330 [main] INFO io.github.bonigarcia.wdm.WebDriverManager - Exporting webdriver.chrome.driver as C:\Users\User\.cache\selenium\chromedriver\win32\104.0.5112.79\chromedriver.exe
2022-08-31 20:11:40,606 [main] INFO Mousumi Dey - User able to enter url
2022-08-31 20:11:43,741 [main] INFO Mousumi Dey - User able to click on sign-in button
2022-08-31 20:11:45,287 [main] INFO Mousumi Dey - User able to enter valid userName & password
2022-08-31 20:11:45,621 [main] INFO Mousumi Dey - User able to click on login button
2022-08-31 20:11:45,781 [main] INFO Mousumi Dey - User can verify the user information {string} on the grid
2022-09-01 23:10:50,401 [main] INFO Mousumi Dey - User able to open a any browser
2022-09-01 23:10:50,896 [main] INFO io.github.bonigarcia.wdm.WebDriverManager - Using chromedriver 104.0.5112.79 (resolved driver for Chrome 104)
2022-09-01 23:10:50,924 [main] INFO io.github.bonigarcia.wdm.WebDriverManager - Exporting webdriver.chrome.driver as C:\Users\User\.cache\selenium\chromedriver\win32\104.0.5112.79\chromedriver.exe
2022-09-01 23:10:53,181 [main] INFO Mousumi Dey - User able to enter url
2022-09-01 23:10:56,015 [main] INFO Mousumi Dey - User able to click on sign-in button
2022-09-01 23:10:57,671 [main] INFO Mousumi Dey - User able to enter valid userName & password
2022-09-01 23:10:58,104 [main] INFO Mousumi Dey - User able to click on login button
2022-09-01 23:10:58,317 [main] INFO Mousumi Dey - User can verify the user information {string} on the grid
2022-09-02 18:29:06,370 [main] INFO Mousumi Dey - User able to open a any browser
2022-09-02 18:29:07,224 [main] INFO io.github.bonigarcia.wdm.WebDriverManager - Using chromedriver 104.0.5112.79 (resolved driver for Chrome 104)
2022-09-02 18:29:07,262 [main] INFO io.github.bonigarcia.wdm.WebDriverManager - Exporting webdriver.chrome.driver as C:\Users\User\.cache\selenium\chromedriver\win32\104.0.5112.79\chromedriver.exe
2022-09-02 18:29:11,044 [main] INFO Mousumi Dey - User able to enter url
2022-09-02 18:29:15,344 [main] INFO Mousumi Dey - User able to click on sign-in button
2022-09-02 18:29:17,984 [main] INFO Mousumi Dey - User able to enter valid userName & password
2022-09-02 18:29:18,619 [main] INFO Mousumi Dey - User able to click on login button
2022-09-02 18:29:18,796 [main] INFO Mousumi Dey - User can verify the user information {string} on the grid
